<?xml version="1.0" encoding="UTF-8"?>
<testsuite name="com.HRM.TestApp.OrangeHRM_LoginTest" tests="1" skipped="0" failures="0" errors="0" timestamp="2021-09-06T11:30:30" hostname="LTIN166766" time="24.425">
  <properties/>
  <testcase name="LoginPage_underTest" classname="com.HRM.TestApp.OrangeHRM_LoginTest" time="24.425"/>
  <system-out><![CDATA[]]></system-out>
  <system-err><![CDATA[SLF4J: Failed to load class "org.slf4j.impl.StaticLoggerBinder".
SLF4J: Defaulting to no-operation (NOP) logger implementation
SLF4J: See http://www.slf4j.org/codes.html#StaticLoggerBinder for further details.
Starting ChromeDriver 89.0.4389.23 (61b08ee2c50024bab004e48d2b1b083cdbdac579-refs/branch-heads/4389@{#294}) on port 21609
Only local connections are allowed.
Please see https://chromedriver.chromium.org/security-considerations for suggestions on keeping ChromeDriver safe.
ChromeDriver was started successfully.
Sep 06, 2021 4:30:39 AM org.openqa.selenium.remote.ProtocolHandshake createSession
INFO: Detected dialect: W3C
]]></system-err>
</testsuite>
